[debug] [2019-05-26T16:51:54.940Z] ----------------------------------------------------------------------
[debug] [2019-05-26T16:51:54.944Z] Command:       C:\Program Files\nodejs\node.exe C:\Users\Bright\AppData\Roaming\npm\node_modules\firebase-tools\lib\bin\firebase.js deploy
[debug] [2019-05-26T16:51:54.944Z] CLI Version:   6.10.0
[debug] [2019-05-26T16:51:54.948Z] Platform:      win32
[debug] [2019-05-26T16:51:54.948Z] Node Version:  v10.15.0
[debug] [2019-05-26T16:51:54.955Z] Time:          Sun May 26 2019 23:51:54 GMT+0700 (Indochina Time)
[debug] [2019-05-26T16:51:54.956Z] ----------------------------------------------------------------------
[debug] 
[debug] [2019-05-26T16:51:54.967Z] > command requires scopes: ["email","openid","https://www.googleapis.com/auth/cloudplatformprojects.readonly","https://www.googleapis.com/auth/firebase","https://www.googleapis.com/auth/cloud-platform"]
[debug] [2019-05-26T16:51:54.968Z] > authorizing via signed-in user
[debug] [2019-05-26T16:51:54.970Z] [iam] checking project react-my-burger-b8b1b for permissions ["firebase.projects.get","firebasehosting.sites.update"]
[debug] [2019-05-26T16:51:54.972Z] >>> HTTP REQUEST POST https://cloudresourcemanager.googleapis.com/v1/projects/react-my-burger-b8b1b:testIamPermissions  

[debug] [2019-05-26T16:51:56.311Z] <<< HTTP RESPONSE 200
[debug] [2019-05-26T16:51:56.313Z] >>> HTTP REQUEST GET https://firebase.googleapis.com/v1beta1/projects/react-my-burger-b8b1b  
 
[debug] [2019-05-26T16:51:56.838Z] <<< HTTP RESPONSE 200
[info] 
[info] === Deploying to 'react-my-burger-b8b1b'...
[info] 
[info] i  deploying hosting
[debug] [2019-05-26T16:51:56.847Z] >>> HTTP REQUEST POST https://firebasehosting.googleapis.com/v1beta1/sites/react-my-burger-b8b1b/versions  

[debug] [2019-05-26T16:51:59.089Z] <<< HTTP RESPONSE 200
[info] i  hosting[react-my-burger-b8b1b]: beginning deploy...
[info] i  hosting[react-my-burger-b8b1b]: found 27 files in build
[debug] [2019-05-26T16:51:59.154Z] [hosting] hash cache [YnVpbGQ] load error: lines is not defined
[debug] [2019-05-26T16:51:59.319Z] [hosting] hash cache [YnVpbGQ] stored for 27 files
[debug] [2019-05-26T16:51:59.321Z] [hosting][hash queue][FINAL]
[debug] [2019-05-26T16:51:59.322Z] >>> HTTP REQUEST POST https://firebasehosting.googleapis.com/v1beta1/sites/react-my-burger-b8b1b/versions/85fb03c73ce95624:populateFiles  
 <request body omitted>
[debug] [2019-05-26T16:52:01.962Z] <<< HTTP RESPONSE 200
[debug] [2019-05-26T16:52:01.979Z] [hosting][populate queue][FINAL]
[debug] [2019-05-26T16:52:01.983Z] [hosting] uploads queued: 18
